============================================================
Time  2017/01/01 01:12:43 115 
============================================================
[2017/01/01 01:12:43 116] isr_local  2145 os_type is:  Linux  
[2017/01/01 01:12:43 117] isr_local  2154 SYS_MSG_LOAD_LOCAL  
[2017/01/01 01:12:43 119] isr_local  2183 SYS_MSG_REGCB_LOCAL| param0 =  msp_status_cb  
[2017/01/01 01:12:43 120] isr_local  2242 last gc at  1483204363  
[2017/01/01 01:12:43 124] isr_local  2183 SYS_MSG_REGCB_LOCAL| param0 =  build_grm_cb  
[2017/01/01 01:12:43 124] isr_local  2242 last gc at  1483204363  
[2017/01/01 01:12:43 127] isr_local  2196 ASR_LOCAL_MSG_BUILD_GRM  
[2017/01/01 01:12:43 128] isr_local  1838 grm_init | params:  engine_type = local, 		asr_res_path = fo|res/asr/common.jet, sample_rate = 16000, 		grm_build_path = res/asr/GrmBuilld,   
[2017/01/01 01:12:43 129] isr_local  801  engine_type  :  local  
[2017/01/01 01:12:43 129] isr_local  801  asr_res_path  :  fo|res/asr/common.jet  
[2017/01/01 01:12:43 130] isr_local  801  sample_rate  :  16000  
[2017/01/01 01:12:43 131] isr_local  801  grm_build_path  :  res/asr/GrmBuilld  
[2017/01/01 01:12:43 137] isr_local  998  file count =   1  
[2017/01/01 01:12:43 138] isr_local  921  file open type is:   fo  
[2017/01/01 01:12:43 138] isr_local  954  res/asr/common.jet  0  0  
[2017/01/01 01:12:43 139] isr_local  1016 speech_plus_setting  0  
[2017/01/01 01:12:43 140] isr_local  1029 2  nil  res/asr/common.jet  0  0  
[2017/01/01 01:12:43 144] isr_local  1031 res_ver  2  
[2017/01/01 01:12:43 145] isr_local  1032 res 5  a67ec4631cc3043e4b7fce4a4b7234d9  
[2017/01/01 01:12:43 145] isr_local  1033 res_new_old_mark  v5pp  
[2017/01/01 01:12:43 146] isr_local  1034 res_usr_name    
[2017/01/01 01:12:43 147] isr_local  1035 res_expires  1485072161  
[2017/01/01 01:12:43 148] isr_local  1036 err  0  
[2017/01/01 01:12:43 149] isr_local  1052 lgi appid 5  a67ec4631cc3043e4b7fce4a4b7234d9  
[2017/01/01 01:12:43 150] isr_local  1067 now expires:  1483204363  1485072161  
[2017/01/01 01:12:43 158] isr_local  1579 proc_retcode_grm | errorcode =  0  
[2017/01/01 01:12:43 195] isr_local  1956 grammar id:cmd  
[2017/01/01 01:12:43 197] isr_local  1571 onGrmLocalServiceCb  0  cmd  
